0 info it worked if it ends with ok
1 verbose cli [ 'C:\\Program Files\\nodejs\\node.exe',
1 verbose cli   'C:\\Program Files\\nodejs\\node_modules\\npm\\bin\\npm-cli.js',
1 verbose cli   'run',
1 verbose cli   'webpack' ]
2 info using npm@3.10.10
3 info using node@v6.9.5
4 verbose run-script [ 'prewebpack', 'webpack', 'postwebpack' ]
5 info lifecycle @1.0.0~prewebpack: @1.0.0
6 silly lifecycle @1.0.0~prewebpack: no script for prewebpack, continuing
7 info lifecycle @1.0.0~webpack: @1.0.0
8 verbose lifecycle @1.0.0~webpack: unsafe-perm in lifecycle true
9 verbose lifecycle @1.0.0~webpack: PATH: C:\Program Files\nodejs\node_modules\npm\bin\node-gyp-bin;E:\IMAC_2\Web_the_challenger\TheChallenger\thechallenger\node_modules\.bin;C:\ProgramData\Oracle\Java\javapath;C:\Program Files (x86)\Common Files\Intel\Shared Libraries\redist\intel64\compiler;C:\WINDOWS\system32;C:\WINDOWS;C:\WINDOWS\System32\Wbem;C:\WINDOWS\System32\WindowsPowerShell\v1.0\;C:\Program Files\Common Files\Autodesk Shared\;C:\Program Files (x86)\Skype\Phone\;C:\Program Files (x86)\Autodesk\Backburner\;C:\Program Files (x86)\NVIDIA Corporation\PhysX\Common;C:\Program Files\Git\cmd;C:\Program Files (x86)\Java\jdk1.8.0_121\bin;C:\Program Files\nodejs\;C:\Users\valentin\AppData\Roaming\npm
10 verbose lifecycle @1.0.0~webpack: CWD: E:\IMAC_2\Web_the_challenger\TheChallenger\thechallenger
11 silly lifecycle @1.0.0~webpack: Args: [ '/d /s /c',
11 silly lifecycle   'webpack -d &&  xcopy "src/index.html" "dist/" /F /Y  && webpack-dev-server --content-base src/ --inline --hot --port 8082' ]
12 silly lifecycle @1.0.0~webpack: Returned: code: 3221225786  signal: null
13 info lifecycle @1.0.0~webpack: Failed to exec webpack script
14 verbose stack Error: @1.0.0 webpack: `webpack -d &&  xcopy "src/index.html" "dist/" /F /Y  && webpack-dev-server --content-base src/ --inline --hot --port 8082`
14 verbose stack Exit status 3221225786
14 verbose stack     at EventEmitter.<anonymous> (C:\Program Files\nodejs\node_modules\npm\lib\utils\lifecycle.js:255:16)
14 verbose stack     at emitTwo (events.js:106:13)
14 verbose stack     at EventEmitter.emit (events.js:191:7)
14 verbose stack     at ChildProcess.<anonymous> (C:\Program Files\nodejs\node_modules\npm\lib\utils\spawn.js:40:14)
14 verbose stack     at emitTwo (events.js:106:13)
14 verbose stack     at ChildProcess.emit (events.js:191:7)
14 verbose stack     at maybeClose (internal/child_process.js:877:16)
14 verbose stack     at Process.ChildProcess._handle.onexit (internal/child_process.js:226:5)
15 verbose pkgid @1.0.0
16 verbose cwd E:\IMAC_2\Web_the_challenger\TheChallenger\thechallenger
17 error Windows_NT 10.0.10586
18 error argv "C:\\Program Files\\nodejs\\node.exe" "C:\\Program Files\\nodejs\\node_modules\\npm\\bin\\npm-cli.js" "run" "webpack"
19 error node v6.9.5
20 error npm  v3.10.10
21 error code ELIFECYCLE
22 error @1.0.0 webpack: `webpack -d &&  xcopy "src/index.html" "dist/" /F /Y  && webpack-dev-server --content-base src/ --inline --hot --port 8082`
22 error Exit status 3221225786
23 error Failed at the @1.0.0 webpack script 'webpack -d &&  xcopy "src/index.html" "dist/" /F /Y  && webpack-dev-server --content-base src/ --inline --hot --port 8082'.
23 error Make sure you have the latest version of node.js and npm installed.
23 error If you do, this is most likely a problem with the  package,
23 error not with npm itself.
23 error Tell the author that this fails on your system:
23 error     webpack -d &&  xcopy "src/index.html" "dist/" /F /Y  && webpack-dev-server --content-base src/ --inline --hot --port 8082
23 error You can get information on how to open an issue for this project with:
23 error     npm bugs
23 error Or if that isn't available, you can get their info via:
23 error     npm owner ls
23 error There is likely additional logging output above.
24 verbose exit [ 1, true ]
